#
# There is insufficient memory for the Java Runtime Environment to continue.
# Native memory allocation (malloc) failed to allocate 1165936 bytes for Chunk::new
# Possible reasons:
#   The system is out of physical RAM or swap space
#   The process is running with CompressedOops enabled, and the Java Heap may be blocking the growth of the native heap
# Possible solutions:
#   Reduce memory load on the system
#   Increase physical memory or swap space
#   Check if swap backing store is full
#   Decrease Java heap size (-Xmx/-Xms)
#   Decrease number of Java threads
#   Decrease Java thread stack sizes (-Xss)
#   Set larger code cache with -XX:ReservedCodeCacheSize=
#   JVM is running with Zero Based Compressed Oops mode in which the Java heap is
#     placed in the first 32GB address space. The Java Heap base address is the
#     maximum limit for the native heap growth. Please use -XX:HeapBaseMinAddress
#     to set the Java Heap base and to place the Java Heap above 32GB virtual address.
# This output file may be truncated or incomplete.
#
#  Out of Memory Error (./open/src/hotspot/share/memory/arena.cpp:197), pid=12536, tid=21516
#
# JRE version: Java(TM) SE Runtime Environment 18.9 (11.0.9+7) (build 11.0.9+7-LTS)
# Java VM: Java HotSpot(TM) 64-Bit Server VM 18.9 (11.0.9+7-LTS, mixed mode, tiered, compressed oops, g1 gc, windows-amd64)
# No core dump will be written. Minidumps are not enabled by default on client versions of Windows
#

---------------  S U M M A R Y ------------

Command Line: -Dmaven.home=EMBEDDED -Dclassworlds.conf=D:\Proyectos\Ayesa Formación\Proyecto War\WorkSpaceMavenWeb\.metadata\.plugins\org.eclipse.m2e.launching\launches\m2conf16385382295394778225.tmp -Dmaven.multiModuleProjectDirectory=D:\Proyectos\Ayesa Formación\Proyecto War\WorkSpaceMavenWeb\com.web.maven -Dfile.encoding=Cp1252 org.codehaus.plexus.classworlds.launcher.Launcher -B clean install tomcat7:deploy

Host: Intel(R) Core(TM) i7-6700HQ CPU @ 2.60GHz, 8 cores, 15G,  Windows 10 , 64 bit Build 19041 (10.0.19041.546)
Time: Wed Nov 25 14:51:50 2020 Hora estándar romance elapsed time: 5.146827 seconds (0d 0h 0m 5s)

---------------  T H R E A D  ---------------

Current thread (0x000002321141d000):  JavaThread "C2 CompilerThread2" daemon [_thread_in_native, id=21516, stack(0x000000b81b400000,0x000000b81b500000)]


Current CompileTask:
C2:   5146 4312 %     4       org.codehaus.plexus.util.xml.Xpp3DomBuilder::build @ 28 (413 bytes)

Stack: [0x000000b81b400000,0x000000b81b500000]
Native frames: (J=compiled Java code, j=interpreted, Vv=VM code, C=native code)
V  [jvm.dll+0x611a3a]
V  [jvm.dll+0x748aaf]
V  [jvm.dll+0x74a135]
V  [jvm.dll+0x74a7b3]
V  [jvm.dll+0x2439f8]
V  [jvm.dll+0xba2bc]
V  [jvm.dll+0xba9bc]
V  [jvm.dll+0x3454e7]
V  [jvm.dll+0x313343]
V  [jvm.dll+0x31268a]
V  [jvm.dll+0x1fd495]
V  [jvm.dll+0x1fc64f]
V  [jvm.dll+0x17f08c]
V  [jvm.dll+0x20bc54]
V  [jvm.dll+0x209d2b]
V  [jvm.dll+0x7103d9]
V  [jvm.dll+0x709114]
V  [jvm.dll+0x610cb6]
C  [ucrtbase.dll+0x214c2]
C  [KERNEL32.DLL+0x17034]
C  [ntdll.dll+0x4cec1]


---------------  P R O C E S S  ---------------

Threads class SMR info:
_java_thread_list=0x0000023211981220, length=12, elements={
0x000002326bef9000, 0x000002320f940000, 0x000002320f941000, 0x0000023210207800,
0x0000023210209800, 0x000002321020b000, 0x0000023210211000, 0x0000023210260000,
0x00000232103cd800, 0x00000232103d6800, 0x0000023210e48800, 0x000002321141d000
}

Java Threads: ( => current thread )
  0x000002326bef9000 JavaThread "main" [_thread_in_native, id=20712, stack(0x000000b81a200000,0x000000b81a300000)]
  0x000002320f940000 JavaThread "Reference Handler" daemon [_thread_blocked, id=7776, stack(0x000000b81a900000,0x000000b81aa00000)]
  0x000002320f941000 JavaThread "Finalizer" daemon [_thread_blocked, id=7980, stack(0x000000b81aa00000,0x000000b81ab00000)]
  0x0000023210207800 JavaThread "Signal Dispatcher" daemon [_thread_blocked, id=13776, stack(0x000000b81ab00000,0x000000b81ac00000)]
  0x0000023210209800 JavaThread "Attach Listener" daemon [_thread_blocked, id=15276, stack(0x000000b81ac00000,0x000000b81ad00000)]
  0x000002321020b000 JavaThread "C2 CompilerThread0" daemon [_thread_in_native, id=18108, stack(0x000000b81ad00000,0x000000b81ae00000)]
  0x0000023210211000 JavaThread "C1 CompilerThread0" daemon [_thread_blocked, id=13448, stack(0x000000b81ae00000,0x000000b81af00000)]
  0x0000023210260000 JavaThread "Sweeper thread" daemon [_thread_blocked, id=19784, stack(0x000000b81af00000,0x000000b81b000000)]
  0x00000232103cd800 JavaThread "Service Thread" daemon [_thread_blocked, id=12248, stack(0x000000b81b000000,0x000000b81b100000)]
  0x00000232103d6800 JavaThread "Common-Cleaner" daemon [_thread_blocked, id=248, stack(0x000000b81b200000,0x000000b81b300000)]
  0x0000023210e48800 JavaThread "C2 CompilerThread1" daemon [_thread_in_native, id=6868, stack(0x000000b81b300000,0x000000b81b400000)]
=>0x000002321141d000 JavaThread "C2 CompilerThread2" daemon [_thread_in_native, id=21516, stack(0x000000b81b400000,0x000000b81b500000)]

Other Threads:
  0x000002320f93c800 VMThread "VM Thread" [stack: 0x000000b81a800000,0x000000b81a900000] [id=7996]
  0x00000232103d6000 WatcherThread [stack: 0x000000b81b100000,0x000000b81b200000] [id=8808]
  0x000002326bf0f000 GCTaskThread "GC Thread#0" [stack: 0x000000b81a300000,0x000000b81a400000] [id=15904]
  0x0000023211a1f800 GCTaskThread "GC Thread#1" [stack: 0x000000b81b500000,0x000000b81b600000] [id=20140]
  0x0000023210c6a800 GCTaskThread "GC Thread#2" [stack: 0x000000b81b600000,0x000000b81b700000] [id=2000]
  0x0000023210844000 GCTaskThread "GC Thread#3" [stack: 0x000000b81b700000,0x000000b81b800000] [id=12908]
  0x0000023210844800 GCTaskThread "GC Thread#4" [stack: 0x000000b81b800000,0x000000b81b900000] [id=20692]
  0x0000023210d14800 GCTaskThread "GC Thread#5" [stack: 0x000000b81b900000,0x000000b81ba00000] [id=20284]
  0x000002326bf6d800 ConcurrentGCThread "G1 Main Marker" [stack: 0x000000b81a400000,0x000000b81a500000] [id=4476]
  0x000002326bf6f000 ConcurrentGCThread "G1 Conc#0" [stack: 0x000000b81a500000,0x000000b81a600000] [id=18516]
  0x0000023211884800 ConcurrentGCThread "G1 Conc#1" [stack: 0x000000b81ba00000,0x000000b81bb00000] [id=18212]
  0x000002326bfde000 ConcurrentGCThread "G1 Refine#0" [stack: 0x000000b81a600000,0x000000b81a700000] [id=1044]
  0x000002320f820000 ConcurrentGCThread "G1 Young RemSet Sampling" [stack: 0x000000b81a700000,0x000000b81a800000] [id=3492]

Threads with active compile tasks:
C2 CompilerThread0   5185 4230       4       org.apache.maven.model.inheritance.DefaultInheritanceAssembler$InheritanceModelMerger::mergePluginContainer_Plugins (430 bytes)
C1 CompilerThread0   5185 4388       3       org.apache.maven.model.inheritance.DefaultInheritanceAssembler::assembleModelInheritance (67 bytes)
C2 CompilerThread1   5185 4374       4       org.eclipse.sisu.wire.EntryListAdapter$ValueIterator::next (18 bytes)
C2 CompilerThread2   5185 4312 %     4       org.codehaus.plexus.util.xml.Xpp3DomBuilder::build @ 28 (413 bytes)

VM state:not at safepoint (normal execution)

VM Mutex/Monitor currently owned by a thread: None

Heap address: 0x0000000702200000, size: 4062 MB, Compressed Oops mode: Zero based, Oop shift amount: 3
Narrow klass base: 0x0000000800000000, Narrow klass shift: 0
Compressed class space size: 1073741824 Address: 0x0000000800000000

Heap:
 garbage-first heap   total 260096K, used 103696K [0x0000000702200000, 0x0000000800000000)
  region size 1024K, 68 young (69632K), 11 survivors (11264K)
 Metaspace       used 28561K, capacity 29313K, committed 29616K, reserved 1075200K
  class space    used 2958K, capacity 3202K, committed 3328K, reserved 1048576K
Heap Regions: E=young(eden), S=young(survivor), O=old, HS=humongous(starts), HC=humongous(continues), CS=collection set, F=free, A=archive, TAMS=top-at-mark-start (previous, next)
|   0|0x0000000702200000, 0x0000000702300000, 0x0000000702300000|100%| O|  |TAMS 0x0000000702246200, 0x0000000702200000| Untracked 
|   1|0x0000000702300000, 0x0000000702400000, 0x0000000702400000|100%| O|  |TAMS 0x0000000702300000, 0x0000000702300000| Untracked 
|   2|0x0000000702400000, 0x0000000702500000, 0x0000000702500000|100%| O|  |TAMS 0x0000000702400000, 0x0000000702400000| Untracked 
|   3|0x0000000702500000, 0x000000070250e800, 0x0000000702600000|  5%| O|  |TAMS 0x0000000702500000, 0x0000000702500000| Untracked 
|   4|0x0000000702600000, 0x0000000702700000, 0x0000000702700000|100%|HS|  |TAMS 0x0000000702600000, 0x0000000702600000| Complete 
|   5|0x0000000702700000, 0x0000000702800000, 0x0000000702800000|100%|HC|  |TAMS 0x0000000702700000, 0x0000000702700000| Complete 
|   6|0x0000000702800000, 0x0000000702900000, 0x0000000702900000|100%|HS|  |TAMS 0x0000000702800000, 0x0000000702800000| Complete 
|   7|0x0000000702900000, 0x0000000702a00000, 0x0000000702a00000|100%|HC|  |TAMS 0x0000000702900000, 0x0000000702900000| Complete 
|   8|0x0000000702a00000, 0x0000000702b00000, 0x0000000702b00000|100%|HS|  |TAMS 0x0000000702a00000, 0x0000000702a00000| Complete 
|   9|0x0000000702b00000, 0x0000000702c00000, 0x0000000702c00000|100%|HC|  |TAMS 0x0000000702b00000, 0x0000000702b00000| Complete 
|  10|0x0000000702c00000, 0x0000000702d00000, 0x0000000702d00000|100%|HS|  |TAMS 0x0000000702c00000, 0x0000000702c00000| Complete 
|  11|0x0000000702d00000, 0x0000000702e00000, 0x0000000702e00000|100%|HC|  |TAMS 0x0000000702d00000, 0x0000000702d00000| Complete 
|  12|0x0000000702e00000, 0x0000000702f00000, 0x0000000702f00000|100%|HS|  |TAMS 0x0000000702e00000, 0x0000000702e00000| Complete 
|  13|0x0000000702f00000, 0x0000000703000000, 0x0000000703000000|100%|HC|  |TAMS 0x0000000702f00000, 0x0000000702f00000| Complete 
|  14|0x0000000703000000, 0x0000000703100000, 0x0000000703100000|100%|HS|  |TAMS 0x0000000703000000, 0x0000000703000000| Complete 
|  15|0x0000000703100000, 0x0000000703200000, 0x0000000703200000|100%|HC|  |TAMS 0x0000000703100000, 0x0000000703100000| Complete 
|  16|0x0000000703200000, 0x0000000703300000, 0x0000000703300000|100%|HS|  |TAMS 0x0000000703200000, 0x0000000703200000| Complete 
|  17|0x0000000703300000, 0x0000000703400000, 0x0000000703400000|100%|HC|  |TAMS 0x0000000703300000, 0x0000000703300000| Complete 
|  18|0x0000000703400000, 0x0000000703500000, 0x0000000703500000|100%|HS|  |TAMS 0x0000000703400000, 0x0000000703400000| Complete 
|  19|0x0000000703500000, 0x0000000703600000, 0x0000000703600000|100%|HC|  |TAMS 0x0000000703500000, 0x0000000703500000| Complete 
|  20|0x0000000703600000, 0x0000000703700000, 0x0000000703700000|100%|HS|  |TAMS 0x0000000703600000, 0x0000000703600000| Complete 
|  21|0x0000000703700000, 0x0000000703800000, 0x0000000703800000|100%|HC|  |TAMS 0x0000000703700000, 0x0000000703700000| Complete 
|  22|0x0000000703800000, 0x0000000703900000, 0x0000000703900000|100%|HS|  |TAMS 0x0000000703800000, 0x0000000703800000| Complete 
|  23|0x0000000703900000, 0x0000000703a00000, 0x0000000703a00000|100%|HC|  |TAMS 0x0000000703900000, 0x0000000703900000| Complete 
|  24|0x0000000703a00000, 0x0000000703b00000, 0x0000000703b00000|100%|HS|  |TAMS 0x0000000703a00000, 0x0000000703a00000| Complete 
|  25|0x0000000703b00000, 0x0000000703c00000, 0x0000000703c00000|100%|HC|  |TAMS 0x0000000703b00000, 0x0000000703b00000| Complete 
|  26|0x0000000703c00000, 0x0000000703d00000, 0x0000000703d00000|100%|HS|  |TAMS 0x0000000703c00000, 0x0000000703c00000| Complete 
|  27|0x0000000703d00000, 0x0000000703e00000, 0x0000000703e00000|100%|HC|  |TAMS 0x0000000703d00000, 0x0000000703d00000| Complete 
|  28|0x0000000703e00000, 0x0000000703f00000, 0x0000000703f00000|100%|HS|  |TAMS 0x0000000703e00000, 0x0000000703e00000| Complete 
|  29|0x0000000703f00000, 0x0000000704000000, 0x0000000704000000|100%|HC|  |TAMS 0x0000000703f00000, 0x0000000703f00000| Complete 
|  30|0x0000000704000000, 0x0000000704100000, 0x0000000704100000|100%|HS|  |TAMS 0x0000000704000000, 0x0000000704000000| Complete 
|  31|0x0000000704100000, 0x0000000704200000, 0x0000000704200000|100%|HC|  |TAMS 0x0000000704100000, 0x0000000704100000| Complete 
|  32|0x0000000704200000, 0x0000000704300000, 0x0000000704300000|100%|HS|  |TAMS 0x0000000704200000, 0x0000000704200000| Complete 
|  33|0x0000000704300000, 0x0000000704400000, 0x0000000704400000|100%|HC|  |TAMS 0x0000000704300000, 0x0000000704300000| Complete 
|  34|0x0000000704400000, 0x0000000704500000, 0x0000000704500000|100%|HS|  |TAMS 0x0000000704400000, 0x0000000704400000| Complete 
|  35|0x0000000704500000, 0x0000000704600000, 0x0000000704600000|100%|HC|  |TAMS 0x0000000704500000, 0x0000000704500000| Complete 
|  36|0x0000000704600000, 0x0000000704600000, 0x0000000704700000|  0%| F|  |TAMS 0x0000000704600000, 0x0000000704600000| Untracked 
|  37|0x0000000704700000, 0x0000000704700000, 0x0000000704800000|  0%| F|  |TAMS 0x0000000704700000, 0x0000000704700000| Untracked 
|  38|0x0000000704800000, 0x0000000704800000, 0x0000000704900000|  0%| F|  |TAMS 0x0000000704800000, 0x0000000704800000| Untracked 
|  39|0x0000000704900000, 0x0000000704900000, 0x0000000704a00000|  0%| F|  |TAMS 0x0000000704900000, 0x0000000704900000| Untracked 
|  40|0x0000000704a00000, 0x0000000704a00000, 0x0000000704b00000|  0%| F|  |TAMS 0x0000000704a00000, 0x0000000704a00000| Untracked 
|  41|0x0000000704b00000, 0x0000000704b00000, 0x0000000704c00000|  0%| F|  |TAMS 0x0000000704b00000, 0x0000000704b00000| Untracked 
|  42|0x0000000704c00000, 0x0000000704c00000, 0x0000000704d00000|  0%| F|  |TAMS 0x0000000704c00000, 0x0000000704c00000| Untracked 
|  43|0x0000000704d00000, 0x0000000704d00000, 0x0000000704e00000|  0%| F|  |TAMS 0x0000000704d00000, 0x0000000704d00000| Untracked 
|  44|0x0000000704e00000, 0x0000000704e00000, 0x0000000704f00000|  0%| F|  |TAMS 0x0000000704e00000, 0x0000000704e00000| Untracked 
|  45|0x0000000704f00000, 0x0000000704f00000, 0x0000000705000000|  0%| F|  |TAMS 0x0000000704f00000, 0x0000000704f00000| Untracked 
|  46|0x0000000705000000, 0x0000000705000000, 0x0000000705100000|  0%| F|  |TAMS 0x0000000705000000, 0x0000000705000000| Untracked 
|  47|0x0000000705100000, 0x0000000705100000, 0x0000000705200000|  0%| F|  |TAMS 0x0000000705100000, 0x0000000705100000| Untracked 
|  48|0x0000000705200000, 0x0000000705200000, 0x0000000705300000|  0%| F|  |TAMS 0x0000000705200000, 0x0000000705200000| Untracked 
|  49|0x0000000705300000, 0x0000000705300000, 0x0000000705400000|  0%| F|  |TAMS 0x0000000705300000, 0x0000000705300000| Untracked 
|  50|0x0000000705400000, 0x0000000705400000, 0x0000000705500000|  0%| F|  |TAMS 0x0000000705400000, 0x0000000705400000| Untracked 
|  51|0x0000000705500000, 0x0000000705500000, 0x0000000705600000|  0%| F|  |TAMS 0x0000000705500000, 0x0000000705500000| Untracked 
|  52|0x0000000705600000, 0x0000000705600000, 0x0000000705700000|  0%| F|  |TAMS 0x0000000705600000, 0x0000000705600000| Untracked 
|  53|0x0000000705700000, 0x0000000705700000, 0x0000000705800000|  0%| F|  |TAMS 0x0000000705700000, 0x0000000705700000| Untracked 
|  54|0x0000000705800000, 0x0000000705800000, 0x0000000705900000|  0%| F|  |TAMS 0x0000000705800000, 0x0000000705800000| Untracked 
|  55|0x0000000705900000, 0x0000000705900000, 0x0000000705a00000|  0%| F|  |TAMS 0x0000000705900000, 0x0000000705900000| Untracked 
|  56|0x0000000705a00000, 0x0000000705a00000, 0x0000000705b00000|  0%| F|  |TAMS 0x0000000705a00000, 0x0000000705a00000| Untracked 
|  57|0x0000000705b00000, 0x0000000705b00000, 0x0000000705c00000|  0%| F|  |TAMS 0x0000000705b00000, 0x0000000705b00000| Untracked 
|  58|0x0000000705c00000, 0x0000000705c00000, 0x0000000705d00000|  0%| F|  |TAMS 0x0000000705c00000, 0x0000000705c00000| Untracked 
|  59|0x0000000705d00000, 0x0000000705d00000, 0x0000000705e00000|  0%| F|  |TAMS 0x0000000705d00000, 0x0000000705d00000| Untracked 
|  60|0x0000000705e00000, 0x0000000705e00000, 0x0000000705f00000|  0%| F|  |TAMS 0x0000000705e00000, 0x0000000705e00000| Untracked 
|  61|0x0000000705f00000, 0x0000000705f00000, 0x0000000706000000|  0%| F|  |TAMS 0x0000000705f00000, 0x0000000705f00000| Untracked 
|  62|0x0000000706000000, 0x0000000706000000, 0x0000000706100000|  0%| F|  |TAMS 0x0000000706000000, 0x0000000706000000| Untracked 
|  63|0x0000000706100000, 0x0000000706100000, 0x0000000706200000|  0%| F|  |TAMS 0x0000000706100000, 0x0000000706100000| Untracked 
|  64|0x0000000706200000, 0x0000000706200000, 0x0000000706300000|  0%| F|  |TAMS 0x0000000706200000, 0x0000000706200000| Untracked 
|  65|0x0000000706300000, 0x0000000706300000, 0x0000000706400000|  0%| F|  |TAMS 0x0000000706300000, 0x0000000706300000| Untracked 
|  66|0x0000000706400000, 0x0000000706400000, 0x0000000706500000|  0%| F|  |TAMS 0x0000000706400000, 0x0000000706400000| Untracked 
|  67|0x0000000706500000, 0x0000000706500000, 0x0000000706600000|  0%| F|  |TAMS 0x0000000706500000, 0x0000000706500000| Untracked 
|  68|0x0000000706600000, 0x0000000706600000, 0x0000000706700000|  0%| F|  |TAMS 0x0000000706600000, 0x0000000706600000| Untracked 
|  69|0x0000000706700000, 0x0000000706700000, 0x0000000706800000|  0%| F|  |TAMS 0x0000000706700000, 0x0000000706700000| Untracked 
|  70|0x0000000706800000, 0x0000000706800000, 0x0000000706900000|  0%| F|  |TAMS 0x0000000706800000, 0x0000000706800000| Untracked 
|  71|0x0000000706900000, 0x0000000706900000, 0x0000000706a00000|  0%| F|  |TAMS 0x0000000706900000, 0x0000000706900000| Untracked 
|  72|0x0000000706a00000, 0x0000000706a00000, 0x0000000706b00000|  0%| F|  |TAMS 0x0000000706a00000, 0x0000000706a00000| Untracked 
|  73|0x0000000706b00000, 0x0000000706b00000, 0x0000000706c00000|  0%| F|  |TAMS 0x0000000706b00000, 0x0000000706b00000| Untracked 
|  74|0x0000000706c00000, 0x0000000706c00000, 0x0000000706d00000|  0%| F|  |TAMS 0x0000000706c00000, 0x0000000706c00000| Untracked 
|  75|0x0000000706d00000, 0x0000000706d00000, 0x0000000706e00000|  0%| F|  |TAMS 0x0000000706d00000, 0x0000000706d00000| Untracked 
|  76|0x0000000706e00000, 0x0000000706e00000, 0x0000000706f00000|  0%| F|  |TAMS 0x0000000706e00000, 0x0000000706e00000| Untracked 
|  77|0x0000000706f00000, 0x0000000706f00000, 0x0000000707000000|  0%| F|  |TAMS 0x0000000706f00000, 0x0000000706f00000| Untracked 
|  78|0x0000000707000000, 0x0000000707000000, 0x0000000707100000|  0%| F|  |TAMS 0x0000000707000000, 0x0000000707000000| Untracked 
|  79|0x0000000707100000, 0x0000000707100000, 0x0000000707200000|  0%| F|  |TAMS 0x0000000707100000, 0x0000000707100000| Untracked 
|  80|0x0000000707200000, 0x0000000707200000, 0x0000000707300000|  0%| F|  |TAMS 0x0000000707200000, 0x0000000707200000| Untracked 
|  81|0x0000000707300000, 0x0000000707300000, 0x0000000707400000|  0%| F|  |TAMS 0x0000000707300000, 0x0000000707300000| Untracked 
|  82|0x0000000707400000, 0x0000000707400000, 0x0000000707500000|  0%| F|  |TAMS 0x0000000707400000, 0x0000000707400000| Untracked 
|  83|0x0000000707500000, 0x0000000707500000, 0x0000000707600000|  0%| F|  |TAMS 0x0000000707500000, 0x0000000707500000| Untracked 
|  84|0x0000000707600000, 0x0000000707600000, 0x0000000707700000|  0%| F|  |TAMS 0x0000000707600000, 0x0000000707600000| Untracked 
|  85|0x0000000707700000, 0x0000000707700000, 0x0000000707800000|  0%| F|  |TAMS 0x0000000707700000, 0x0000000707700000| Untracked 
|  86|0x0000000707800000, 0x0000000707800000, 0x0000000707900000|  0%| F|  |TAMS 0x0000000707800000, 0x0000000707800000| Untracked 
|  87|0x0000000707900000, 0x0000000707900000, 0x0000000707a00000|  0%| F|  |TAMS 0x0000000707900000, 0x0000000707900000| Untracked 
|  88|0x0000000707a00000, 0x0000000707a00000, 0x0000000707b00000|  0%| F|  |TAMS 0x0000000707a00000, 0x0000000707a00000| Untracked 
|  89|0x0000000707b00000, 0x0000000707b00000, 0x0000000707c00000|  0%| F|  |TAMS 0x0000000707b00000, 0x0000000707b00000| Untracked 
|  90|0x0000000707c00000, 0x0000000707c00000, 0x0000000707d00000|  0%| F|  |TAMS 0x0000000707c00000, 0x0000000707c00000| Untracked 
|  91|0x0000000707d00000, 0x0000000707d00000, 0x0000000707e00000|  0%| F|  |TAMS 0x0000000707d00000, 0x0000000707d00000| Untracked 
|  92|0x0000000707e00000, 0x0000000707e00000, 0x0000000707f00000|  0%| F|  |TAMS 0x0000000707e00000, 0x0000000707e00000| Untracked 
|  93|0x0000000707f00000, 0x0000000707f00000, 0x0000000708000000|  0%| F|  |TAMS 0x0000000707f00000, 0x0000000707f00000| Untracked 
|  94|0x0000000708000000, 0x0000000708000000, 0x0000000708100000|  0%| F|  |TAMS 0x0000000708000000, 0x0000000708000000| Untracked 
|  95|0x0000000708100000, 0x0000000708100000, 0x0000000708200000|  0%| F|  |TAMS 0x0000000708100000, 0x0000000708100000| Untracked 
|  96|0x0000000708200000, 0x0000000708200000, 0x0000000708300000|  0%| F|  |TAMS 0x0000000708200000, 0x0000000708200000| Untracked 
|  97|0x0000000708300000, 0x0000000708300000, 0x0000000708400000|  0%| F|  |TAMS 0x0000000708300000, 0x0000000708300000| Untracked 
|  98|0x0000000708400000, 0x0000000708400000, 0x0000000708500000|  0%| F|  |TAMS 0x0000000708400000, 0x0000000708400000| Untracked 
|  99|0x0000000708500000, 0x0000000708500000, 0x0000000708600000|  0%| F|  |TAMS 0x0000000708500000, 0x0000000708500000| Untracked 
| 100|0x0000000708600000, 0x0000000708600000, 0x0000000708700000|  0%| F|  |TAMS 0x0000000708600000, 0x0000000708600000| Untracked 
| 101|0x0000000708700000, 0x0000000708700000, 0x0000000708800000|  0%| F|  |TAMS 0x0000000708700000, 0x0000000708700000| Untracked 
| 102|0x0000000708800000, 0x0000000708800000, 0x0000000708900000|  0%| F|  |TAMS 0x0000000708800000, 0x0000000708800000| Untracked 
| 103|0x0000000708900000, 0x0000000708900000, 0x0000000708a00000|  0%| F|  |TAMS 0x0000000708900000, 0x0000000708900000| Untracked 
| 104|0x0000000708a00000, 0x0000000708a00000, 0x0000000708b00000|  0%| F|  |TAMS 0x0000000708a00000, 0x0000000708a00000| Untracked 
| 105|0x0000000708b00000, 0x0000000708b00000, 0x0000000708c00000|  0%| F|  |TAMS 0x0000000708b00000, 0x0000000708b00000| Untracked 
| 106|0x0000000708c00000, 0x0000000708c00000, 0x0000000708d00000|  0%| F|  |TAMS 0x0000000708c00000, 0x0000000708c00000| Untracked 
| 107|0x0000000708d00000, 0x0000000708d00000, 0x0000000708e00000|  0%| F|  |TAMS 0x0000000708d00000, 0x0000000708d00000| Untracked 
| 108|0x0000000708e00000, 0x0000000708e00000, 0x0000000708f00000|  0%| F|  |TAMS 0x0000000708e00000, 0x0000000708e00000| Untracked 
| 109|0x0000000708f00000, 0x0000000708f00000, 0x0000000709000000|  0%| F|  |TAMS 0x0000000708f00000, 0x0000000708f00000| Untracked 
| 110|0x0000000709000000, 0x0000000709000000, 0x0000000709100000|  0%| F|  |TAMS 0x0000000709000000, 0x0000000709000000| Untracked 
| 111|0x0000000709100000, 0x0000000709100000, 0x0000000709200000|  0%| F|  |TAMS 0x0000000709100000, 0x0000000709100000| Untracked 
| 112|0x0000000709200000, 0x0000000709200000, 0x0000000709300000|  0%| F|  |TAMS 0x0000000709200000, 0x0000000709200000| Untracked 
| 113|0x0000000709300000, 0x0000000709300000, 0x0000000709400000|  0%| F|  |TAMS 0x0000000709300000, 0x0000000709300000| Untracked 
| 114|0x0000000709400000, 0x0000000709400000, 0x0000000709500000|  0%| F|  |TAMS 0x0000000709400000, 0x0000000709400000| Untracked 
| 115|0x0000000709500000, 0x0000000709500000, 0x0000000709600000|  0%| F|  |TAMS 0x0000000709500000, 0x0000000709500000| Untracked 
| 116|0x0000000709600000, 0x0000000709600000, 0x0000000709700000|  0%| F|  |TAMS 0x0000000709600000, 0x0000000709600000| Untracked 
| 117|0x0000000709700000, 0x0000000709700000, 0x0000000709800000|  0%| F|  |TAMS 0x0000000709700000, 0x0000000709700000| Untracked 
| 118|0x0000000709800000, 0x0000000709800000, 0x0000000709900000|  0%| F|  |TAMS 0x0000000709800000, 0x0000000709800000| Untracked 
| 119|0x0000000709900000, 0x0000000709900000, 0x0000000709a00000|  0%| F|  |TAMS 0x0000000709900000, 0x0000000709900000| Untracked 
| 120|0x0000000709a00000, 0x0000000709a00000, 0x0000000709b00000|  0%| F|  |TAMS 0x0000000709a00000, 0x0000000709a00000| Untracked 
| 121|0x0000000709b00000, 0x0000000709b00000, 0x0000000709c00000|  0%| F|  |TAMS 0x0000000709b00000, 0x0000000709b00000| Untracked 
| 122|0x0000000709c00000, 0x0000000709c00000, 0x0000000709d00000|  0%| F|  |TAMS 0x0000000709c00000, 0x0000000709c00000| Untracked 
| 123|0x0000000709d00000, 0x0000000709d00000, 0x0000000709e00000|  0%| F|  |TAMS 0x0000000709d00000, 0x0000000709d00000| Untracked 
| 124|0x0000000709e00000, 0x0000000709e00000, 0x0000000709f00000|  0%| F|  |TAMS 0x0000000709e00000, 0x0000000709e00000| Untracked 
| 125|0x0000000709f00000, 0x0000000709f00000, 0x000000070a000000|  0%| F|  |TAMS 0x0000000709f00000, 0x0000000709f00000| Untracked 
| 126|0x000000070a000000, 0x000000070a000000, 0x000000070a100000|  0%| F|  |TAMS 0x000000070a000000, 0x000000070a000000| Untracked 
| 127|0x000000070a100000, 0x000000070a100000, 0x000000070a200000|  0%| F|  |TAMS 0x000000070a100000, 0x000000070a100000| Untracked 
| 128|0x000000070a200000, 0x000000070a200000, 0x000000070a300000|  0%| F|  |TAMS 0x000000070a200000, 0x000000070a200000| Untracked 
| 129|0x000000070a300000, 0x000000070a300000, 0x000000070a400000|  0%| F|  |TAMS 0x000000070a300000, 0x000000070a300000| Untracked 
| 130|0x000000070a400000, 0x000000070a400000, 0x000000070a500000|  0%| F|  |TAMS 0x000000070a400000, 0x000000070a400000| Untracked 
| 131|0x000000070a500000, 0x000000070a500000, 0x000000070a600000|  0%| F|  |TAMS 0x000000070a500000, 0x000000070a500000| Untracked 
| 132|0x000000070a600000, 0x000000070a600000, 0x000000070a700000|  0%| F|  |TAMS 0x000000070a600000, 0x000000070a600000| Untracked 
| 133|0x000000070a700000, 0x000000070a700000, 0x000000070a800000|  0%| F|  |TAMS 0x000000070a700000, 0x000000070a700000| Untracked 
| 134|0x000000070a800000, 0x000000070a800000, 0x000000070a900000|  0%| F|  |TAMS 0x000000070a800000, 0x000000070a800000| Untracked 
| 135|0x000000070a900000, 0x000000070a900000, 0x000000070aa00000|  0%| F|  |TAMS 0x000000070a900000, 0x000000070a900000| Untracked 
| 136|0x000000070aa00000, 0x000000070aa00000, 0x000000070ab00000|  0%| F|  |TAMS 0x000000070aa00000, 0x000000070aa00000| Untracked 
| 137|0x000000070ab00000, 0x000000070ab00000, 0x000000070ac00000|  0%| F|  |TAMS 0x000000070ab00000, 0x000000070ab00000| Untracked 
| 138|0x000000070ac00000, 0x000000070ac00000, 0x000000070ad00000|  0%| F|  |TAMS 0x000000070ac00000, 0x000000070ac00000| Untracked 
| 139|0x000000070ad00000, 0x000000070ad00000, 0x000000070ae00000|  0%| F|  |TAMS 0x000000070ad00000, 0x000000070ad00000| Untracked 
| 140|0x000000070ae00000, 0x000000070ae00000, 0x000000070af00000|  0%| F|  |TAMS 0x000000070ae00000, 0x000000070ae00000| Untracked 
| 141|0x000000070af00000, 0x000000070af00000, 0x000000070b000000|  0%| F|  |TAMS 0x000000070af00000, 0x000000070af00000| Untracked 
| 142|0x000000070b000000, 0x000000070b000000, 0x000000070b100000|  0%| F|  |TAMS 0x000000070b000000, 0x000000070b000000| Untracked 
| 143|0x000000070b100000, 0x000000070b100000, 0x000000070b200000|  0%| F|  |TAMS 0x000000070b100000, 0x000000070b100000| Untracked 
| 144|0x000000070b200000, 0x000000070b200000, 0x000000070b300000|  0%| F|  |TAMS 0x000000070b200000, 0x000000070b200000| Untracked 
| 145|0x000000070b300000, 0x000000070b300000, 0x000000070b400000|  0%| F|  |TAMS 0x000000070b300000, 0x000000070b300000| Untracked 
| 146|0x000000070b400000, 0x000000070b400000, 0x000000070b500000|  0%| F|  |TAMS 0x000000070b400000, 0x000000070b400000| Untracked 
| 147|0x000000070b500000, 0x000000070b500000, 0x000000070b600000|  0%| F|  |TAMS 0x000000070b500000, 0x000000070b500000| Untracked 
| 148|0x000000070b600000, 0x000000070b600000, 0x000000070b700000|  0%| F|  |TAMS 0x000000070b600000, 0x000000070b600000| Untracked 
| 149|0x000000070b700000, 0x000000070b700000, 0x000000070b800000|  0%| F|  |TAMS 0x000000070b700000, 0x000000070b700000| Untracked 
| 150|0x000000070b800000, 0x000000070b800000, 0x000000070b900000|  0%| F|  |TAMS 0x000000070b800000, 0x000000070b800000| Untracked 
| 151|0x000000070b900000, 0x000000070b900000, 0x000000070ba00000|  0%| F|  |TAMS 0x000000070b900000, 0x000000070b900000| Untracked 
| 152|0x000000070ba00000, 0x000000070ba00000, 0x000000070bb00000|  0%| F|  |TAMS 0x000000070ba00000, 0x000000070ba00000| Untracked 
| 153|0x000000070bb00000, 0x000000070bb00000, 0x000000070bc00000|  0%| F|  |TAMS 0x000000070bb00000, 0x000000070bb00000| Untracked 
| 154|0x000000070bc00000, 0x000000070bc00000, 0x000000070bd00000|  0%| F|  |TAMS 0x000000070bc00000, 0x000000070bc00000| Untracked 
| 155|0x000000070bd00000, 0x000000070bd00000, 0x000000070be00000|  0%| F|  |TAMS 0x000000070bd00000, 0x000000070bd00000| Untracked 
| 156|0x000000070be00000, 0x000000070be00000, 0x000000070bf00000|  0%| F|  |TAMS 0x000000070be00000, 0x000000070be00000| Untracked 
| 157|0x000000070bf00000, 0x000000070bf00000, 0x000000070c000000|  0%| F|  |TAMS 0x000000070bf00000, 0x000000070bf00000| Untracked 
| 158|0x000000070c000000, 0x000000070c035af8, 0x000000070c100000| 20%| S|CS|TAMS 0x000000070c000000, 0x000000070c000000| Complete 
| 159|0x000000070c100000, 0x000000070c200000, 0x000000070c200000|100%| S|CS|TAMS 0x000000070c100000, 0x000000070c100000| Complete 
| 160|0x000000070c200000, 0x000000070c300000, 0x000000070c300000|100%| S|CS|TAMS 0x000000070c200000, 0x000000070c200000| Complete 
| 161|0x000000070c300000, 0x000000070c400000, 0x000000070c400000|100%| S|CS|TAMS 0x000000070c300000, 0x000000070c300000| Complete 
| 162|0x000000070c400000, 0x000000070c500000, 0x000000070c500000|100%| S|CS|TAMS 0x000000070c400000, 0x000000070c400000| Complete 
| 163|0x000000070c500000, 0x000000070c600000, 0x000000070c600000|100%| S|CS|TAMS 0x000000070c500000, 0x000000070c500000| Complete 
| 164|0x000000070c600000, 0x000000070c700000, 0x000000070c700000|100%| S|CS|TAMS 0x000000070c600000, 0x000000070c600000| Complete 
| 165|0x000000070c700000, 0x000000070c800000, 0x000000070c800000|100%| S|CS|TAMS 0x000000070c700000, 0x000000070c700000| Complete 
| 166|0x000000070c800000, 0x000000070c900000, 0x000000070c900000|100%| S|CS|TAMS 0x000000070c800000, 0x000000070c800000| Complete 
| 167|0x000000070c900000, 0x000000070ca00000, 0x000000070ca00000|100%| S|CS|TAMS 0x000000070c900000, 0x000000070c900000| Complete 
| 168|0x000000070ca00000, 0x000000070cb00000, 0x000000070cb00000|100%| S|CS|TAMS 0x000000070ca00000, 0x000000070ca00000| Complete 
| 169|0x000000070cb00000, 0x000000070cb00000, 0x000000070cc00000|  0%| F|  |TAMS 0x000000070cb00000, 0x000000070cb00000| Untracked 
| 170|0x000000070cc00000, 0x000000070cc00000, 0x000000070cd00000|  0%| F|  |TAMS 0x000000070cc00000, 0x000000070cc00000| Untracked 
| 171|0x000000070cd00000, 0x000000070cd00000, 0x000000070ce00000|  0%| F|  |TAMS 0x000000070cd00000, 0x000000070cd00000| Untracked 
| 172|0x000000070ce00000, 0x000000070ce00000, 0x000000070cf00000|  0%| F|  |TAMS 0x000000070ce00000, 0x000000070ce00000| Untracked 
| 173|0x000000070cf00000, 0x000000070cf00000, 0x000000070d000000|  0%| F|  |TAMS 0x000000070cf00000, 0x000000070cf00000| Untracked 
| 174|0x000000070d000000, 0x000000070d000000, 0x000000070d100000|  0%| F|  |TAMS 0x000000070d000000, 0x000000070d000000| Untracked 
| 175|0x000000070d100000, 0x000000070d100000, 0x000000070d200000|  0%| F|  |TAMS 0x000000070d100000, 0x000000070d100000| Untracked 
| 176|0x000000070d200000, 0x000000070d200000, 0x000000070d300000|  0%| F|  |TAMS 0x000000070d200000, 0x000000070d200000| Untracked 
| 177|0x000000070d300000, 0x000000070d300000, 0x000000070d400000|  0%| F|  |TAMS 0x000000070d300000, 0x000000070d300000| Untracked 
| 178|0x000000070d400000, 0x000000070d400000, 0x000000070d500000|  0%| F|  |TAMS 0x000000070d400000, 0x000000070d400000| Untracked 
| 179|0x000000070d500000, 0x000000070d500000, 0x000000070d600000|  0%| F|  |TAMS 0x000000070d500000, 0x000000070d500000| Untracked 
| 180|0x000000070d600000, 0x000000070d600000, 0x000000070d700000|  0%| F|  |TAMS 0x000000070d600000, 0x000000070d600000| Untracked 
| 181|0x000000070d700000, 0x000000070d700000, 0x000000070d800000|  0%| F|  |TAMS 0x000000070d700000, 0x000000070d700000| Untracked 
| 182|0x000000070d800000, 0x000000070d800000, 0x000000070d900000|  0%| F|  |TAMS 0x000000070d800000, 0x000000070d800000| Untracked 
| 183|0x000000070d900000, 0x000000070d900000, 0x000000070da00000|  0%| F|  |TAMS 0x000000070d900000, 0x000000070d900000| Untracked 
| 184|0x000000070da00000, 0x000000070da00000, 0x000000070db00000|  0%| F|  |TAMS 0x000000070da00000, 0x000000070da00000| Untracked 
| 185|0x000000070db00000, 0x000000070db00000, 0x000000070dc00000|  0%| F|  |TAMS 0x000000070db00000, 0x000000070db00000| Untracked 
| 186|0x000000070dc00000, 0x000000070dc00000, 0x000000070dd00000|  0%| F|  |TAMS 0x000000070dc00000, 0x000000070dc00000| Untracked 
| 187|0x000000070dd00000, 0x000000070dd00000, 0x000000070de00000|  0%| F|  |TAMS 0x000000070dd00000, 0x000000070dd00000| Untracked 
| 188|0x000000070de00000, 0x000000070de00000, 0x000000070df00000|  0%| F|  |TAMS 0x000000070de00000, 0x000000070de00000| Untracked 
| 189|0x000000070df00000, 0x000000070df00000, 0x000000070e000000|  0%| F|  |TAMS 0x000000070df00000, 0x000000070df00000| Untracked 
| 190|0x000000070e000000, 0x000000070e000000, 0x000000070e100000|  0%| F|  |TAMS 0x000000070e000000, 0x000000070e000000| Untracked 
| 191|0x000000070e100000, 0x000000070e100000, 0x000000070e200000|  0%| F|  |TAMS 0x000000070e100000, 0x000000070e100000| Untracked 
| 192|0x000000070e200000, 0x000000070e200000, 0x000000070e300000|  0%| F|  |TAMS 0x000000070e200000, 0x000000070e200000| Untracked 
| 193|0x000000070e300000, 0x000000070e300000, 0x000000070e400000|  0%| F|  |TAMS 0x000000070e300000, 0x000000070e300000| Untracked 
| 194|0x000000070e400000, 0x000000070e400000, 0x000000070e500000|  0%| F|  |TAMS 0x000000070e400000, 0x000000070e400000| Untracked 
| 195|0x000000070e500000, 0x000000070e500000, 0x000000070e600000|  0%| F|  |TAMS 0x000000070e500000, 0x000000070e500000| Untracked 
| 196|0x000000070e600000, 0x000000070e600000, 0x000000070e700000|  0%| F|  |TAMS 0x000000070e600000, 0x000000070e600000| Untracked 
| 197|0x000000070e700000, 0x000000070e800000, 0x000000070e800000|100%| E|  |TAMS 0x000000070e700000, 0x000000070e700000| Complete 
| 198|0x000000070e800000, 0x000000070e900000, 0x000000070e900000|100%| E|CS|TAMS 0x000000070e800000, 0x000000070e800000| Complete 
| 199|0x000000070e900000, 0x000000070ea00000, 0x000000070ea00000|100%| E|CS|TAMS 0x000000070e900000, 0x000000070e900000| Complete 
| 200|0x000000070ea00000, 0x000000070eb00000, 0x000000070eb00000|100%| E|CS|TAMS 0x000000070ea00000, 0x000000070ea00000| Complete 
| 201|0x000000070eb00000, 0x000000070ec00000, 0x000000070ec00000|100%| E|CS|TAMS 0x000000070eb00000, 0x000000070eb00000| Complete 
| 202|0x000000070ec00000, 0x000000070ed00000, 0x000000070ed00000|100%| E|CS|TAMS 0x000000070ec00000, 0x000000070ec00000| Complete 
| 203|0x000000070ed00000, 0x000000070ee00000, 0x000000070ee00000|100%| E|CS|TAMS 0x000000070ed00000, 0x000000070ed00000| Complete 
| 204|0x000000070ee00000, 0x000000070ef00000, 0x000000070ef00000|100%| E|CS|TAMS 0x000000070ee00000, 0x000000070ee00000| Complete 
| 205|0x000000070ef00000, 0x000000070f000000, 0x000000070f000000|100%| E|CS|TAMS 0x000000070ef00000, 0x000000070ef00000| Complete 
| 206|0x000000070f000000, 0x000000070f100000, 0x000000070f100000|100%| E|CS|TAMS 0x000000070f000000, 0x000000070f000000| Complete 
| 207|0x000000070f100000, 0x000000070f200000, 0x000000070f200000|100%| E|CS|TAMS 0x000000070f100000, 0x000000070f100000| Complete 
| 208|0x000000070f200000, 0x000000070f300000, 0x000000070f300000|100%| E|CS|TAMS 0x000000070f200000, 0x000000070f200000| Complete 
| 209|0x000000070f300000, 0x000000070f400000, 0x000000070f400000|100%| E|CS|TAMS 0x000000070f300000, 0x000000070f300000| Complete 
| 210|0x000000070f400000, 0x000000070f500000, 0x000000070f500000|100%| E|CS|TAMS 0x000000070f400000, 0x000000070f400000| Complete 
| 211|0x000000070f500000, 0x000000070f600000, 0x000000070f600000|100%| E|CS|TAMS 0x000000070f500000, 0x000000070f500000| Complete 
| 212|0x000000070f600000, 0x000000070f700000, 0x000000070f700000|100%| E|CS|TAMS 0x000000070f600000, 0x000000070f600000| Complete 
| 213|0x000000070f700000, 0x000000070f800000, 0x000000070f800000|100%| E|CS|TAMS 0x000000070f700000, 0x000000070f700000| Complete 
| 214|0x000000070f800000, 0x000000070f900000, 0x000000070f900000|100%| E|CS|TAMS 0x000000070f800000, 0x000000070f800000| Complete 
| 215|0x000000070f900000, 0x000000070fa00000, 0x000000070fa00000|100%| E|CS|TAMS 0x000000070f900000, 0x000000070f900000| Complete 
| 216|0x000000070fa00000, 0x000000070fb00000, 0x000000070fb00000|100%| E|CS|TAMS 0x000000070fa00000, 0x000000070fa00000| Complete 
| 217|0x000000070fb00000, 0x000000070fc00000, 0x000000070fc00000|100%| E|CS|TAMS 0x000000070fb00000, 0x000000070fb00000| Complete 
| 218|0x000000070fc00000, 0x000000070fd00000, 0x000000070fd00000|100%| E|CS|TAMS 0x000000070fc00000, 0x000000070fc00000| Complete 
| 219|0x000000070fd00000, 0x000000070fe00000, 0x000000070fe00000|100%| E|CS|TAMS 0x000000070fd00000, 0x000000070fd00000| Complete 
| 220|0x000000070fe00000, 0x000000070ff00000, 0x000000070ff00000|100%| E|CS|TAMS 0x000000070fe00000, 0x000000070fe00000| Complete 
| 221|0x000000070ff00000, 0x0000000710000000, 0x0000000710000000|100%| E|CS|TAMS 0x000000070ff00000, 0x000000070ff00000| Complete 
| 222|0x0000000710000000, 0x0000000710100000, 0x0000000710100000|100%| E|CS|TAMS 0x0000000710000000, 0x0000000710000000| Complete 
| 223|0x0000000710100000, 0x0000000710200000, 0x0000000710200000|100%| E|CS|TAMS 0x0000000710100000, 0x0000000710100000| Complete 
| 224|0x0000000710200000, 0x0000000710300000, 0x0000000710300000|100%| E|CS|TAMS 0x0000000710200000, 0x0000000710200000| Complete 
| 225|0x0000000710300000, 0x0000000710400000, 0x0000000710400000|100%| E|CS|TAMS 0x0000000710300000, 0x0000000710300000| Complete 
| 226|0x0000000710400000, 0x0000000710500000, 0x0000000710500000|100%| E|CS|TAMS 0x0000000710400000, 0x0000000710400000| Complete 
| 227|0x0000000710500000, 0x0000000710600000, 0x0000000710600000|100%| E|CS|TAMS 0x0000000710500000, 0x0000000710500000| Complete 
| 228|0x0000000710600000, 0x0000000710700000, 0x0000000710700000|100%| E|CS|TAMS 0x0000000710600000, 0x0000000710600000| Complete 
| 229|0x0000000710700000, 0x0000000710800000, 0x0000000710800000|100%| E|CS|TAMS 0x0000000710700000, 0x0000000710700000| Complete 
| 230|0x0000000710800000, 0x0000000710900000, 0x0000000710900000|100%| E|CS|TAMS 0x0000000710800000, 0x0000000710800000| Complete 
| 231|0x0000000710900000, 0x0000000710a00000, 0x0000000710a00000|100%| E|CS|TAMS 0x0000000710900000, 0x0000000710900000| Complete 
| 232|0x0000000710a00000, 0x0000000710b00000, 0x0000000710b00000|100%| E|CS|TAMS 0x0000000710a00000, 0x0000000710a00000| Complete 
| 233|0x0000000710b00000, 0x0000000710c00000, 0x0000000710c00000|100%| E|CS|TAMS 0x0000000710b00000, 0x0000000710b00000| Complete 
| 234|0x0000000710c00000, 0x0000000710d00000, 0x0000000710d00000|100%| E|CS|TAMS 0x0000000710c00000, 0x0000000710c00000| Complete 
| 235|0x0000000710d00000, 0x0000000710e00000, 0x0000000710e00000|100%| E|CS|TAMS 0x0000000710d00000, 0x0000000710d00000| Complete 
| 236|0x0000000710e00000, 0x0000000710f00000, 0x0000000710f00000|100%| E|CS|TAMS 0x0000000710e00000, 0x0000000710e00000| Complete 
| 237|0x0000000710f00000, 0x0000000711000000, 0x0000000711000000|100%| E|CS|TAMS 0x0000000710f00000, 0x0000000710f00000| Complete 
| 238|0x0000000711000000, 0x0000000711100000, 0x0000000711100000|100%| E|CS|TAMS 0x0000000711000000, 0x0000000711000000| Complete 
| 239|0x0000000711100000, 0x0000000711200000, 0x0000000711200000|100%| E|CS|TAMS 0x0000000711100000, 0x0000000711100000| Complete 
| 240|0x0000000711200000, 0x0000000711300000, 0x0000000711300000|100%| E|CS|TAMS 0x0000000711200000, 0x0000000711200000| Complete 
| 241|0x0000000711300000, 0x0000000711400000, 0x0000000711400000|100%| E|CS|TAMS 0x0000000711300000, 0x0000000711300000| Complete 
| 242|0x0000000711400000, 0x0000000711500000, 0x0000000711500000|100%| E|CS|TAMS 0x0000000711400000, 0x0000000711400000| Complete 
| 243|0x0000000711500000, 0x0000000711600000, 0x0000000711600000|100%| E|CS|TAMS 0x0000000711500000, 0x0000000711500000| Complete 
| 244|0x0000000711600000, 0x0000000711700000, 0x0000000711700000|100%| E|CS|TAMS 0x0000000711600000, 0x0000000711600000| Complete 
| 245|0x0000000711700000, 0x0000000711800000, 0x0000000711800000|100%| E|CS|TAMS 0x0000000711700000, 0x0000000711700000| Complete 
| 246|0x0000000711800000, 0x0000000711900000, 0x0000000711900000|100%| E|CS|TAMS 0x0000000711800000, 0x0000000711800000| Complete 
| 247|0x0000000711900000, 0x0000000711a00000, 0x0000000711a00000|100%| E|CS|TAMS 0x0000000711900000, 0x0000000711900000| Complete 
| 248|0x0000000711a00000, 0x0000000711b00000, 0x0000000711b00000|100%| E|CS|TAMS 0x0000000711a00000, 0x0000000711a00000| Complete 
| 249|0x0000000711b00000, 0x0000000711c00000, 0x0000000711c00000|100%| E|CS|TAMS 0x0000000711b00000, 0x0000000711b00000| Complete 
| 250|0x0000000711c00000, 0x0000000711d00000, 0x0000000711d00000|100%| E|CS|TAMS 0x0000000711c00000, 0x0000000711c00000| Complete 
| 251|0x0000000711d00000, 0x0000000711e00000, 0x0000000711e00000|100%| E|CS|TAMS 0x0000000711d00000, 0x0000000711d00000| Complete 
| 252|0x0000000711e00000, 0x0000000711f00000, 0x0000000711f00000|100%| E|CS|TAMS 0x0000000711e00000, 0x0000000711e00000| Complete 
| 253|0x0000000711f00000, 0x0000000712000000, 0x0000000712000000|100%| E|CS|TAMS 0x0000000711f00000, 0x0000000711f00000| Complete 

Card table byte_map: [0x0000023274eb0000,0x00000232756a0000] _byte_map_base: 0x000002327169f000

Marking Bits (Prev, Next): (CMBitMap*) 0x000002326bf5ccb0, (CMBitMap*) 0x000002326bf5cc78
 Prev Bits: [0x0000023279e10000, 0x000002327dd88000)
 Next Bits: [0x0000023275e90000, 0x0000023279e08000)

Polling page: 0x0000023269ed0000

Metaspace:

Usage:
  Non-class:     25.50 MB capacity,    25.01 MB ( 98%) used,   466.00 KB (  2%) free+waste,    35.38 KB ( <1%) overhead. 
      Class:      3.13 MB capacity,     2.89 MB ( 92%) used,   229.06 KB (  7%) free+waste,    14.50 KB ( <1%) overhead. 
       Both:     28.63 MB capacity,    27.90 MB ( 97%) used,   695.06 KB (  2%) free+waste,    49.88 KB ( <1%) overhead. 

Virtual space:
  Non-class space:       26.00 MB reserved,      25.67 MB ( 99%) committed 
      Class space:        1.00 GB reserved,       3.25 MB ( <1%) committed 
             Both:        1.03 GB reserved,      28.92 MB (  3%) committed 

Chunk freelists:
   Non-Class:  6.13 KB
       Class:  3.75 KB
        Both:  9.88 KB

CodeHeap 'non-profiled nmethods': size=120000Kb used=2451Kb max_used=2451Kb free=117548Kb
 bounds [0x0000023207ad0000, 0x0000023207d40000, 0x000002320f000000]
CodeHeap 'profiled nmethods': size=120000Kb used=9360Kb max_used=9360Kb free=110639Kb
 bounds [0x00000232005a0000, 0x0000023200ed0000, 0x0000023207ad0000]
CodeHeap 'non-nmethods': size=5760Kb used=1163Kb max_used=1212Kb free=4596Kb
 bounds [0x0000023200000000, 0x0000023200270000, 0x00000232005a0000]
 total_blobs=4533 nmethods=4044 adapters=400
 compilation: enabled
              stopped_count=0, restarted_count=0
 full_count=0

Compilation events (10 events):
Event: 5.139 Thread 0x0000023210e48800 nmethod 4311 0x0000023207d2f610 code [0x0000023207d2f7a0, 0x0000023207d2f888]
Event: 5.139 Thread 0x0000023210e48800 4227       4       java.nio.ByteBuffer::flip (7 bytes)
Event: 5.139 Thread 0x0000023210211000 nmethod 4357 0x0000023200e9bf90 code [0x0000023200e9c460, 0x0000023200e9ed50]
Event: 5.139 Thread 0x0000023210e48800 nmethod 4227 0x0000023207d2f990 code [0x0000023207d2fb20, 0x0000023207d2fb98]
Event: 5.139 Thread 0x0000023210211000 4358       3       org.eclipse.aether.resolution.VersionRangeResult::setRepository (41 bytes)
Event: 5.139 Thread 0x0000023210e48800 4354       4       java.lang.StringCoding::decodeUTF8_0 (897 bytes)
Event: 5.140 Thread 0x0000023210211000 nmethod 4358 0x0000023200e9fa10 code [0x0000023200e9fc00, 0x0000023200ea01e0]
Event: 5.140 Thread 0x0000023210211000 4359       3       org.eclipse.aether.internal.impl.collect.DataPool$GraphKey::equals (111 bytes)
Event: 5.141 Thread 0x0000023210211000 nmethod 4359 0x0000023200ea0390 code [0x0000023200ea0620, 0x0000023200ea1800]
Event: 5.144 Thread 0x0000023210211000 4360       3       jdk.internal.reflect.NativeMethodAccessorImpl::invoke (104 bytes)

GC Heap History (6 events):
Event: 1.755 GC heap before
{Heap before GC invocations=0 (full 0):
 garbage-first heap   total 260096K, used 23552K [0x0000000702200000, 0x0000000800000000)
  region size 1024K, 24 young (24576K), 0 survivors (0K)
 Metaspace       used 13121K, capacity 13350K, committed 13440K, reserved 1060864K
  class space    used 1318K, capacity 1387K, committed 1408K, reserved 1048576K
}
Event: 1.759 GC heap after
{Heap after GC invocations=1 (full 0):
 garbage-first heap   total 260096K, used 3352K [0x0000000702200000, 0x0000000800000000)
  region size 1024K, 3 young (3072K), 3 survivors (3072K)
 Metaspace       used 13121K, capacity 13350K, committed 13440K, reserved 1060864K
  class space    used 1318K, capacity 1387K, committed 1408K, reserved 1048576K
}
Event: 2.966 GC heap before
{Heap before GC invocations=1 (full 0):
 garbage-first heap   total 260096K, used 74008K [0x0000000702200000, 0x0000000800000000)
  region size 1024K, 73 young (74752K), 3 survivors (3072K)
 Metaspace       used 20739K, capacity 21110K, committed 21296K, reserved 1069056K
  class space    used 2194K, capacity 2314K, committed 2432K, reserved 1048576K
}
Event: 2.975 GC heap after
{Heap after GC invocations=2 (full 0):
 garbage-first heap   total 260096K, used 8830K [0x0000000702200000, 0x0000000800000000)
  region size 1024K, 9 young (9216K), 9 survivors (9216K)
 Metaspace       used 20739K, capacity 21110K, committed 21296K, reserved 1069056K
  class space    used 2194K, capacity 2314K, committed 2432K, reserved 1048576K
}
Event: 4.224 GC heap before
{Heap before GC invocations=3 (full 0):
 garbage-first heap   total 260096K, used 86654K [0x0000000702200000, 0x0000000800000000)
  region size 1024K, 85 young (87040K), 9 survivors (9216K)
 Metaspace       used 23633K, capacity 24340K, committed 24624K, reserved 1071104K
  class space    used 2437K, capacity 2649K, committed 2688K, reserved 1048576K
}
Event: 4.236 GC heap after
{Heap after GC invocations=4 (full 0):
 garbage-first heap   total 260096K, used 13584K [0x0000000702200000, 0x0000000800000000)
  region size 1024K, 11 young (11264K), 11 survivors (11264K)
 Metaspace       used 23633K, capacity 24340K, committed 24624K, reserved 1071104K
  class space    used 2437K, capacity 2649K, committed 2688K, reserved 1048576K
}

Deoptimization events (10 events):
Event: 4.849 Thread 0x000002326bef9000 Uncommon trap: reason=profile_predicate action=maybe_recompile pc=0x0000023207cf5a7c method=java.util.regex.Pattern$Slice.match(Ljava/util/regex/Matcher;ILjava/lang/CharSequence;)Z @ 18 c2
Event: 4.849 Thread 0x000002326bef9000 Uncommon trap: reason=profile_predicate action=maybe_recompile pc=0x0000023207cf5a7c method=java.util.regex.Pattern$Slice.match(Ljava/util/regex/Matcher;ILjava/lang/CharSequence;)Z @ 18 c2
Event: 4.849 Thread 0x000002326bef9000 Uncommon trap: reason=profile_predicate action=maybe_recompile pc=0x0000023207cf5a7c method=java.util.regex.Pattern$Slice.match(Ljava/util/regex/Matcher;ILjava/lang/CharSequence;)Z @ 18 c2
Event: 4.849 Thread 0x000002326bef9000 Uncommon trap: reason=profile_predicate action=maybe_recompile pc=0x0000023207cf5a7c method=java.util.regex.Pattern$Slice.match(Ljava/util/regex/Matcher;ILjava/lang/CharSequence;)Z @ 18 c2
Event: 5.003 Thread 0x000002326bef9000 Uncommon trap: reason=unstable_if action=reinterpret pc=0x0000023207d01454 method=org.codehaus.plexus.interpolation.StringSearchInterpolator.interpolate(Ljava/lang/String;Lorg/codehaus/plexus/interpolation/RecursionInterceptor;Ljava/util/Set;)Ljava/lang/S
Event: 5.053 Thread 0x000002326bef9000 Uncommon trap: reason=unstable_if action=reinterpret pc=0x0000023207bd2320 method=java.util.LinkedHashMap.afterNodeInsertion(Z)V @ 18 c2
Event: 5.087 Thread 0x000002326bef9000 Uncommon trap: reason=profile_predicate action=maybe_recompile pc=0x0000023207d2a8f4 method=sun.nio.cs.ISO_8859_1$Decoder.decodeArrayLoop(Ljava/nio/ByteBuffer;Ljava/nio/CharBuffer;)Ljava/nio/charset/CoderResult; @ 133 c2
Event: 5.087 Thread 0x000002326bef9000 Uncommon trap: reason=profile_predicate action=maybe_recompile pc=0x0000023207d2a8f4 method=sun.nio.cs.ISO_8859_1$Decoder.decodeArrayLoop(Ljava/nio/ByteBuffer;Ljava/nio/CharBuffer;)Ljava/nio/charset/CoderResult; @ 133 c2
Event: 5.087 Thread 0x000002326bef9000 Uncommon trap: reason=profile_predicate action=maybe_recompile pc=0x0000023207d2a8f4 method=sun.nio.cs.ISO_8859_1$Decoder.decodeArrayLoop(Ljava/nio/ByteBuffer;Ljava/nio/CharBuffer;)Ljava/nio/charset/CoderResult; @ 133 c2
Event: 5.088 Thread 0x000002326bef9000 Uncommon trap: reason=profile_predicate action=maybe_recompile pc=0x0000023207d2a8f4 method=sun.nio.cs.ISO_8859_1$Decoder.decodeArrayLoop(Ljava/nio/ByteBuffer;Ljava/nio/CharBuffer;)Ljava/nio/charset/CoderResult; @ 133 c2

Classes redefined (0 events):
No events

Internal exceptions (10 events):
Event: 4.631 Thread 0x000002326bef9000 Exception <a 'sun/nio/fs/WindowsException'{0x0000000710a87de0}> (0x0000000710a87de0) thrown at [./open/src/hotspot/share/prims/jni.cpp, line 611]
Event: 4.633 Thread 0x000002326bef9000 Exception <a 'sun/nio/fs/WindowsException'{0x0000000710a88218}> (0x0000000710a88218) thrown at [./open/src/hotspot/share/prims/jni.cpp, line 611]
Event: 4.646 Thread 0x000002326bef9000 Exception <a 'java/security/PrivilegedActionException'{0x00000007109271b0}> (0x00000007109271b0) thrown at [./open/src/hotspot/share/prims/jvm.cpp, line 1296]
Event: 4.646 Thread 0x000002326bef9000 Exception <a 'java/security/PrivilegedActionException'{0x0000000710927728}> (0x0000000710927728) thrown at [./open/src/hotspot/share/prims/jvm.cpp, line 1296]
Event: 4.685 Thread 0x000002326bef9000 Exception <a 'java/lang/NoSuchMethodError'{0x00000007108a81f8}: java.lang.invoke.DirectMethodHandle$Holder.invokeStatic(Ljava/lang/Object;ILjava/lang/Object;)Ljava/lang/Object;> (0x00000007108a81f8) thrown at [./open/src/hotspot/share/interpreter/linkReso
Event: 4.886 Thread 0x000002326bef9000 Exception <a 'java/lang/NoSuchMethodError'{0x000000070fbcf438}: org.apache.maven.execution.MavenExecutionRequest.getFailureBehavior()Ljava/lang/String;> (0x000000070fbcf438) thrown at [./open/src/hotspot/share/interpreter/linkResolver.cpp, line 864]
Event: 4.896 Thread 0x000002326bef9000 Exception <a 'sun/nio/fs/WindowsException'{0x000000070fa4b540}> (0x000000070fa4b540) thrown at [./open/src/hotspot/share/prims/jni.cpp, line 611]
Event: 4.900 Thread 0x000002326bef9000 Exception <a 'sun/nio/fs/WindowsException'{0x000000070fa4cf40}> (0x000000070fa4cf40) thrown at [./open/src/hotspot/share/prims/jni.cpp, line 611]
Event: 4.902 Thread 0x000002326bef9000 Exception <a 'java/security/PrivilegedActionException'{0x000000070fa55890}> (0x000000070fa55890) thrown at [./open/src/hotspot/share/prims/jvm.cpp, line 1296]
Event: 4.902 Thread 0x000002326bef9000 Exception <a 'java/security/PrivilegedActionException'{0x000000070fa55e08}> (0x000000070fa55e08) thrown at [./open/src/hotspot/share/prims/jvm.cpp, line 1296]

Events (10 events):
Event: 5.087 Thread 0x000002326bef9000 DEOPT UNPACKING pc=0x000002320002922f sp=0x000000b81a2fbf50 mode 2
Event: 5.087 Thread 0x000002326bef9000 Uncommon trap: trap_request=0xffffffbe fr.pc=0x0000023207d2a8f4 relative=0x0000000000000514
Event: 5.087 Thread 0x000002326bef9000 DEOPT PACKING pc=0x0000023207d2a8f4 sp=0x000000b81a2fbdc0
Event: 5.087 Thread 0x000002326bef9000 DEOPT UNPACKING pc=0x000002320002922f sp=0x000000b81a2fbd30 mode 2
Event: 5.087 Thread 0x000002326bef9000 Uncommon trap: trap_request=0xffffffbe fr.pc=0x0000023207d2a8f4 relative=0x0000000000000514
Event: 5.087 Thread 0x000002326bef9000 DEOPT PACKING pc=0x0000023207d2a8f4 sp=0x000000b81a2fbe40
Event: 5.087 Thread 0x000002326bef9000 DEOPT UNPACKING pc=0x000002320002922f sp=0x000000b81a2fbdb0 mode 2
Event: 5.088 Thread 0x000002326bef9000 Uncommon trap: trap_request=0xffffffbe fr.pc=0x0000023207d2a8f4 relative=0x0000000000000514
Event: 5.088 Thread 0x000002326bef9000 DEOPT PACKING pc=0x0000023207d2a8f4 sp=0x000000b81a2fbde0
Event: 5.088 Thread 0x000002326bef9000 DEOPT UNPACKING pc=0x000002320002922f sp=0x000000b81a2fbd50 mode 2


Dynamic libraries:
0x00007ff6f73b0000 - 0x00007ff6f73bf000 	C:\Program Files\Java\jdk-11.0.9\bin\javaw.exe
0x00007ffb3f7b0000 - 0x00007ffb3f9a6000 	C:\WINDOWS\SYSTEM32\ntdll.dll
0x00007ffb3f080000 - 0x00007ffb3f13d000 	C:\WINDOWS\System32\KERNEL32.DLL
0x00007ffb3d3b0000 - 0x00007ffb3d678000 	C:\WINDOWS\System32\KERNELBASE.dll
0x00007ffb3d090000 - 0x00007ffb3d190000 	C:\WINDOWS\System32\ucrtbase.dll
0x00007ffb34100000 - 0x00007ffb34115000 	C:\Program Files\Java\jdk-11.0.9\bin\VCRUNTIME140.dll
0x00007ffb36c20000 - 0x00007ffb36c38000 	C:\Program Files\Java\jdk-11.0.9\bin\jli.dll
0x00007ffb3da80000 - 0x00007ffb3db2c000 	C:\WINDOWS\System32\ADVAPI32.dll
0x00007ffb3d8b0000 - 0x00007ffb3d94e000 	C:\WINDOWS\System32\msvcrt.dll
0x00007ffb3d810000 - 0x00007ffb3d8ab000 	C:\WINDOWS\System32\sechost.dll
0x00007ffb3f140000 - 0x00007ffb3f264000 	C:\WINDOWS\System32\RPCRT4.dll
0x00007ffb3dba0000 - 0x00007ffb3dd40000 	C:\WINDOWS\System32\USER32.dll
0x00007ffb3d000000 - 0x00007ffb3d022000 	C:\WINDOWS\System32\win32u.dll
0x00007ffb286e0000 - 0x00007ffb2897b000 	C:\WINDOWS\WinSxS\amd64_microsoft.windows.common-controls_6595b64144ccf1df_6.0.19041.488_none_ca04af081b815d21\COMCTL32.dll
0x00007ffb3f050000 - 0x00007ffb3f07a000 	C:\WINDOWS\System32\GDI32.dll
0x00007ffb3cef0000 - 0x00007ffb3cff9000 	C:\WINDOWS\System32\gdi32full.dll
0x00007ffb3d1e0000 - 0x00007ffb3d27d000 	C:\WINDOWS\System32\msvcp_win.dll
0x00007ffb32ed0000 - 0x00007ffb32eda000 	C:\WINDOWS\SYSTEM32\VERSION.dll
0x00007ffb3df70000 - 0x00007ffb3dfa0000 	C:\WINDOWS\System32\IMM32.DLL
0x00007ffb33e70000 - 0x00007ffb33f0b000 	C:\Program Files\Java\jdk-11.0.9\bin\msvcp140.dll
0x00007ffafa870000 - 0x00007ffafb367000 	C:\Program Files\Java\jdk-11.0.9\bin\server\jvm.dll
0x00007ffb3f270000 - 0x00007ffb3f278000 	C:\WINDOWS\System32\PSAPI.DLL
0x00007ffb3af10000 - 0x00007ffb3af19000 	C:\WINDOWS\SYSTEM32\WSOCK32.dll
0x00007ffb32160000 - 0x00007ffb32187000 	C:\WINDOWS\SYSTEM32\WINMM.dll
0x00007ffb3e800000 - 0x00007ffb3e86b000 	C:\WINDOWS\System32\WS2_32.dll
0x00007ffb3b7d0000 - 0x00007ffb3b7e2000 	C:\WINDOWS\SYSTEM32\kernel.appcore.dll
0x00007ffb36d30000 - 0x00007ffb36d40000 	C:\Program Files\Java\jdk-11.0.9\bin\verify.dll
0x00007ffb3abb0000 - 0x00007ffb3ad94000 	C:\WINDOWS\SYSTEM32\DBGHELP.DLL
0x00007ffb1ba50000 - 0x00007ffb1ba7c000 	C:\WINDOWS\SYSTEM32\dbgcore.DLL
0x00007ffb3d280000 - 0x00007ffb3d2ff000 	C:\WINDOWS\System32\bcryptPrimitives.dll
0x00007ffb340a0000 - 0x00007ffb340c8000 	C:\Program Files\Java\jdk-11.0.9\bin\java.dll
0x00007ffb36700000 - 0x00007ffb3670a000 	C:\Program Files\Java\jdk-11.0.9\bin\jimage.dll
0x00007ffb33e50000 - 0x00007ffb33e66000 	C:\Program Files\Java\jdk-11.0.9\bin\zip.dll
0x00007ffb3e050000 - 0x00007ffb3e791000 	C:\WINDOWS\System32\SHELL32.dll
0x00007ffb3b020000 - 0x00007ffb3b7b5000 	C:\WINDOWS\SYSTEM32\windows.storage.dll
0x00007ffb3e9c0000 - 0x00007ffb3ed15000 	C:\WINDOWS\System32\combase.dll
0x00007ffb3c960000 - 0x00007ffb3c98c000 	C:\WINDOWS\SYSTEM32\Wldp.dll
0x00007ffb3dfa0000 - 0x00007ffb3e04e000 	C:\WINDOWS\System32\SHCORE.dll
0x00007ffb3db40000 - 0x00007ffb3db95000 	C:\WINDOWS\System32\shlwapi.dll
0x00007ffb3ce20000 - 0x00007ffb3ce46000 	C:\WINDOWS\SYSTEM32\profapi.dll
0x00007ffb33e30000 - 0x00007ffb33e49000 	C:\Program Files\Java\jdk-11.0.9\bin\net.dll
0x00007ffb29320000 - 0x00007ffb29420000 	C:\WINDOWS\SYSTEM32\WINHTTP.dll
0x00007ffb3c6e0000 - 0x00007ffb3c74a000 	C:\WINDOWS\system32\mswsock.dll
0x00007ffb319d0000 - 0x00007ffb319e2000 	C:\Program Files\Java\jdk-11.0.9\bin\nio.dll
0x00007ffb3c8b0000 - 0x00007ffb3c8c8000 	C:\WINDOWS\SYSTEM32\CRYPTSP.dll
0x00007ffb3c000000 - 0x00007ffb3c034000 	C:\WINDOWS\system32\rsaenh.dll
0x00007ffb3d7e0000 - 0x00007ffb3d807000 	C:\WINDOWS\System32\bcrypt.dll
0x00007ffb3cde0000 - 0x00007ffb3ce0e000 	C:\WINDOWS\SYSTEM32\USERENV.dll
0x00007ffb3c8d0000 - 0x00007ffb3c8dc000 	C:\WINDOWS\SYSTEM32\CRYPTBASE.dll
0x00007ffb3c380000 - 0x00007ffb3c3bb000 	C:\WINDOWS\SYSTEM32\IPHLPAPI.DLL
0x00007ffb3da70000 - 0x00007ffb3da78000 	C:\WINDOWS\System32\NSI.dll
0x00007ffb33750000 - 0x00007ffb33767000 	C:\WINDOWS\SYSTEM32\dhcpcsvc6.DLL
0x00007ffb34c70000 - 0x00007ffb34c8d000 	C:\WINDOWS\SYSTEM32\dhcpcsvc.DLL
0x00007ffb3c3c0000 - 0x00007ffb3c48b000 	C:\WINDOWS\SYSTEM32\DNSAPI.dll
0x00007ffb36530000 - 0x00007ffb3653a000 	C:\Users\Rafael\AppData\Local\Temp\jansi-1.17.1-7687180283341499676.dll
0x00007ffb35de0000 - 0x00007ffb35dea000 	C:\Users\Rafael\AppData\Local\Temp\jansi-1.17.1-9550935237841771989.dll
0x00007ffb3bc30000 - 0x00007ffb3bc63000 	C:\WINDOWS\SYSTEM32\ntmarta.dll

dbghelp: loaded successfully - version: 4.0.5 - missing functions: none
symbol engine: initialized successfully - sym options: 0x614 - pdb path: .;C:\Program Files\Java\jdk-11.0.9\bin;C:\WINDOWS\SYSTEM32;C:\WINDOWS\WinSxS\amd64_microsoft.windows.common-controls_6595b64144ccf1df_6.0.19041.488_none_ca04af081b815d21;C:\Program Files\Java\jdk-11.0.9\bin\server;C:\Users\Rafael\AppData\Local\Temp

VM Arguments:
jvm_args: -Dmaven.home=EMBEDDED -Dclassworlds.conf=D:\Proyectos\Ayesa Formación\Proyecto War\WorkSpaceMavenWeb\.metadata\.plugins\org.eclipse.m2e.launching\launches\m2conf16385382295394778225.tmp -Dmaven.multiModuleProjectDirectory=D:\Proyectos\Ayesa Formación\Proyecto War\WorkSpaceMavenWeb\com.web.maven -Dfile.encoding=Cp1252 
java_command: org.codehaus.plexus.classworlds.launcher.Launcher -B clean install tomcat7:deploy
java_class_path (initial): C:\Users\Rafael\.p2\pool\plugins\org.eclipse.m2e.maven.runtime_1.16.0.20200610-1735\jars\plexus-classworlds-2.6.0.jar
Launcher Type: SUN_STANDARD

[Global flags]
     intx CICompilerCount                          = 4                                         {product} {ergonomic}
     uint ConcGCThreads                            = 2                                         {product} {ergonomic}
     uint G1ConcRefinementThreads                  = 8                                         {product} {ergonomic}
   size_t G1HeapRegionSize                         = 1048576                                   {product} {ergonomic}
    uintx GCDrainStackTargetSize                   = 64                                        {product} {ergonomic}
   size_t InitialHeapSize                          = 266338304                                 {product} {ergonomic}
   size_t MarkStackSize                            = 4194304                                   {product} {ergonomic}
   size_t MaxHeapSize                              = 4259315712                                {product} {ergonomic}
   size_t MaxNewSize                               = 2555379712                                {product} {ergonomic}
   size_t MinHeapDeltaBytes                        = 1048576                                   {product} {ergonomic}
    uintx NonNMethodCodeHeapSize                   = 5836300                                {pd product} {ergonomic}
    uintx NonProfiledCodeHeapSize                  = 122910970                              {pd product} {ergonomic}
    uintx ProfiledCodeHeapSize                     = 122910970                              {pd product} {ergonomic}
    uintx ReservedCodeCacheSize                    = 251658240                              {pd product} {ergonomic}
     bool SegmentedCodeCache                       = true                                      {product} {ergonomic}
     bool UseCompressedClassPointers               = true                                 {lp64_product} {ergonomic}
     bool UseCompressedOops                        = true                                 {lp64_product} {ergonomic}
     bool UseG1GC                                  = true                                      {product} {ergonomic}
     bool UseLargePagesIndividualAllocation        = false                                  {pd product} {ergonomic}

Logging:
Log output configuration:
 #0: stdout all=warning uptime,level,tags
 #1: stderr all=off uptime,level,tags

Environment Variables:
JAVA_HOME=C:\Program Files\Java\jdk-11.0.9
PATH=C:\Program Files\Common Files\Oracle\Java\javapath;C:\Program Files (x86)\VMware\VMware Workstation\bin\;C:\Program Files\AdoptOpenJDK\jdk-8.0.242.08-hotspot\bin;C:\Program Files (x86)\Microsoft SDKs\Azure\CLI2\wbin;C:\Program Files (x86)\Common Files\Oracle\Java\javapath;C:\opt\apache-maven-3.6.3\bin;C:\WINDOWS\system32;C:\WINDOWS;C:\WINDOWS\System32\Wbem;C:\WINDOWS\System32\WindowsPowerShell\v1.0\;C:\WINDOWS\System32\OpenSSH\;C:\Program Files\Microsoft SQL Server\130\Tools\Binn\;C:\Program Files\Microsoft SQL Server\Client SDK\ODBC\170\Tools\Binn\;C:\Program Files\Git\cmd;C:\Program Files (x86)\Microsoft SQL Server\140\Tools\Binn\;C:\Program Files\Microsoft SQL Server\140\Tools\Binn\;C:\Program Files (x86)\Microsoft SQL Server\140\DTS\Binn\;C:\Program Files\Microsoft SQL Server\140\DTS\Binn\;C:\Program Files\Microsoft SQL Server\Client SDK\ODBC\130\Tools\Binn\;C:\Program Files (x86)\Microsoft SQL Server\150\DTS\Binn\;C:\Program Files\OpenVPN\bin;C:\Gradle\gradle-5.6.4\bin;C:\Program Files (x86)\Microsoft SQL Server\150\Tools\Binn\;C:\Program Files\Microsoft SQL Server\150\Tools\Binn\;C:\Program Files\Microsoft SQL Server\150\DTS\Binn\;C:\Program Files\PuTTY\;C:\ProgramData\chocolatey\bin;C:\Program Files\dotnet\;C:\Program Files\nodejs\;C:\HashiCorp\Vagrant\bin;C:\metasploit-framework;C:\Users\Rafael\AppData\Local\Programs\Python\Python39\Scripts\;C:\Users\Rafael\AppData\Local\Programs\Python\Python39\;C:\Users\Rafael\AppData\Local\Microsoft\WindowsApps;C:\Users\Rafael\AppData\Local\Programs\Microsoft VS Code\bin;C:\Users\Rafael\AppData\Local\Android\Sdk\tools;C:\Users\Rafael\AppData\Local\Android\Sdk\platform-tools;C:\Users\Rafael\.dotnet\tools;C:\Users\Rafael\AppData\Roaming\npm;C:\Users\Rafael\AppData\Local\Microsoft\WindowsApps;C:\Program Files (x86)\Nmap;C:\metasploit-framework;
USERNAME=Rafael
OS=Windows_NT
PROCESSOR_IDENTIFIER=Intel64 Family 6 Model 94 Stepping 3, GenuineIntel



---------------  S Y S T E M  ---------------

OS: Windows 10 , 64 bit Build 19041 (10.0.19041.546)

CPU:total 8 (initial active 8) (4 cores per cpu, 2 threads per core) family 6 model 94 stepping 3, cmov, cx8, fxsr, mmx, sse, sse2, sse3, ssse3, sse4.1, sse4.2, popcnt, avx, avx2, aes, clmul, erms, rtm, 3dnowpref, lzcnt, ht, tsc, tscinvbit, bmi1, bmi2, adx, fma

Memory: 4k page, system-wide physical 16247M (5008M free)
TotalPageFile size 18295M (AvailPageFile size 18M)
current process WorkingSet (physical memory assigned to process): 238M, peak: 241M
current process commit charge ("private bytes"): 418M, peak: 421M

vm_info: Java HotSpot(TM) 64-Bit Server VM (11.0.9+7-LTS) for windows-amd64 JRE (11.0.9+7-LTS), built on Sep 15 2020 16:47:03 by "mach5one" with MS VC++ 15.9 (VS2017)

END.
